<?xml version="1.0" encoding="UTF-8"?>
<testsuite xmlns:xsi="http://www.w3.org/2001/XMLSchema-instance" xsi:noNamespaceSchemaLocation="https://maven.apache.org/surefire/maven-surefire-plugin/xsd/surefire-test-report.xsd" version="3.0.2" name="com.ayfood.ayfood.AyfoodApplicationTests" time="1.969" tests="1" errors="0" skipped="0" failures="0">
  <properties>
    <property name="java.specification.version" value="21"/>
    <property name="sun.jnu.encoding" value="UTF-8"/>
    <property name="java.class.path" value="/home/yan/Documentos/FIAP/ayfood/target/test-classes:/home/yan/Documentos/FIAP/ayfood/target/classes:/home/yan/.m2/repository/org/springframework/boot/spring-boot-starter-actuator/3.4.1/spring-boot-starter-actuator-3.4.1.jar:/home/yan/.m2/repository/org/springframework/boot/spring-boot-starter/3.4.1/spring-boot-starter-3.4.1.jar:/home/yan/.m2/repository/org/springframework/boot/spring-boot-starter-logging/3.4.1/spring-boot-starter-logging-3.4.1.jar:/home/yan/.m2/repository/ch/qos/logback/logback-classic/1.5.12/logback-classic-1.5.12.jar:/home/yan/.m2/repository/ch/qos/logback/logback-core/1.5.12/logback-core-1.5.12.jar:/home/yan/.m2/repository/org/apache/logging/log4j/log4j-to-slf4j/2.24.3/log4j-to-slf4j-2.24.3.jar:/home/yan/.m2/repository/org/apache/logging/log4j/log4j-api/2.24.3/log4j-api-2.24.3.jar:/home/yan/.m2/repository/org/slf4j/jul-to-slf4j/2.0.16/jul-to-slf4j-2.0.16.jar:/home/yan/.m2/repository/jakarta/annotation/jakarta.annotation-api/2.1.1/jakarta.annotation-api-2.1.1.jar:/home/yan/.m2/repository/org/yaml/snakeyaml/2.3/snakeyaml-2.3.jar:/home/yan/.m2/repository/org/springframework/boot/spring-boot-actuator-autoconfigure/3.4.1/spring-boot-actuator-autoconfigure-3.4.1.jar:/home/yan/.m2/repository/org/springframework/boot/spring-boot-actuator/3.4.1/spring-boot-actuator-3.4.1.jar:/home/yan/.m2/repository/com/fasterxml/jackson/datatype/jackson-datatype-jsr310/2.18.2/jackson-datatype-jsr310-2.18.2.jar:/home/yan/.m2/repository/io/micrometer/micrometer-observation/1.14.2/micrometer-observation-1.14.2.jar:/home/yan/.m2/repository/io/micrometer/micrometer-commons/1.14.2/micrometer-commons-1.14.2.jar:/home/yan/.m2/repository/io/micrometer/micrometer-jakarta9/1.14.2/micrometer-jakarta9-1.14.2.jar:/home/yan/.m2/repository/io/micrometer/micrometer-core/1.14.2/micrometer-core-1.14.2.jar:/home/yan/.m2/repository/org/hdrhistogram/HdrHistogram/2.2.2/HdrHistogram-2.2.2.jar:/home/yan/.m2/repository/org/latencyutils/LatencyUtils/2.0.3/LatencyUtils-2.0.3.jar:/home/yan/.m2/repository/org/springframework/boot/spring-boot-starter-web/3.4.1/spring-boot-starter-web-3.4.1.jar:/home/yan/.m2/repository/org/springframework/boot/spring-boot-starter-json/3.4.1/spring-boot-starter-json-3.4.1.jar:/home/yan/.m2/repository/com/fasterxml/jackson/datatype/jackson-datatype-jdk8/2.18.2/jackson-datatype-jdk8-2.18.2.jar:/home/yan/.m2/repository/org/springframework/boot/spring-boot-starter-tomcat/3.4.1/spring-boot-starter-tomcat-3.4.1.jar:/home/yan/.m2/repository/org/apache/tomcat/embed/tomcat-embed-core/10.1.34/tomcat-embed-core-10.1.34.jar:/home/yan/.m2/repository/org/apache/tomcat/embed/tomcat-embed-el/10.1.34/tomcat-embed-el-10.1.34.jar:/home/yan/.m2/repository/org/apache/tomcat/embed/tomcat-embed-websocket/10.1.34/tomcat-embed-websocket-10.1.34.jar:/home/yan/.m2/repository/org/springframework/spring-web/6.2.1/spring-web-6.2.1.jar:/home/yan/.m2/repository/org/springframework/spring-beans/6.2.1/spring-beans-6.2.1.jar:/home/yan/.m2/repository/org/springframework/spring-webmvc/6.2.1/spring-webmvc-6.2.1.jar:/home/yan/.m2/repository/org/springframework/spring-aop/6.2.1/spring-aop-6.2.1.jar:/home/yan/.m2/repository/org/springframework/spring-context/6.2.1/spring-context-6.2.1.jar:/home/yan/.m2/repository/org/springframework/spring-expression/6.2.1/spring-expression-6.2.1.jar:/home/yan/.m2/repository/org/springframework/boot/spring-boot-devtools/3.4.1/spring-boot-devtools-3.4.1.jar:/home/yan/.m2/repository/org/springframework/boot/spring-boot/3.4.1/spring-boot-3.4.1.jar:/home/yan/.m2/repository/org/springframework/boot/spring-boot-autoconfigure/3.4.1/spring-boot-autoconfigure-3.4.1.jar:/home/yan/.m2/repository/org/springframework/boot/spring-boot-docker-compose/3.4.1/spring-boot-docker-compose-3.4.1.jar:/home/yan/.m2/repository/com/fasterxml/jackson/core/jackson-databind/2.18.2/jackson-databind-2.18.2.jar:/home/yan/.m2/repository/com/fasterxml/jackson/core/jackson-annotations/2.18.2/jackson-annotations-2.18.2.jar:/home/yan/.m2/repository/com/fasterxml/jackson/core/jackson-core/2.18.2/jackson-core-2.18.2.jar:/home/yan/.m2/repository/com/fasterxml/jackson/module/jackson-module-parameter-names/2.18.2/jackson-module-parameter-names-2.18.2.jar:/home/yan/.m2/repository/org/projectlombok/lombok/1.18.36/lombok-1.18.36.jar:/home/yan/.m2/repository/org/springframework/boot/spring-boot-starter-test/3.4.1/spring-boot-starter-test-3.4.1.jar:/home/yan/.m2/repository/org/springframework/boot/spring-boot-test/3.4.1/spring-boot-test-3.4.1.jar:/home/yan/.m2/repository/org/springframework/boot/spring-boot-test-autoconfigure/3.4.1/spring-boot-test-autoconfigure-3.4.1.jar:/home/yan/.m2/repository/com/jayway/jsonpath/json-path/2.9.0/json-path-2.9.0.jar:/home/yan/.m2/repository/org/slf4j/slf4j-api/2.0.16/slf4j-api-2.0.16.jar:/home/yan/.m2/repository/jakarta/xml/bind/jakarta.xml.bind-api/4.0.2/jakarta.xml.bind-api-4.0.2.jar:/home/yan/.m2/repository/jakarta/activation/jakarta.activation-api/2.1.3/jakarta.activation-api-2.1.3.jar:/home/yan/.m2/repository/net/minidev/json-smart/2.5.1/json-smart-2.5.1.jar:/home/yan/.m2/repository/net/minidev/accessors-smart/2.5.1/accessors-smart-2.5.1.jar:/home/yan/.m2/repository/org/ow2/asm/asm/9.6/asm-9.6.jar:/home/yan/.m2/repository/org/assertj/assertj-core/3.26.3/assertj-core-3.26.3.jar:/home/yan/.m2/repository/net/bytebuddy/byte-buddy/1.15.11/byte-buddy-1.15.11.jar:/home/yan/.m2/repository/org/awaitility/awaitility/4.2.2/awaitility-4.2.2.jar:/home/yan/.m2/repository/org/hamcrest/hamcrest/2.2/hamcrest-2.2.jar:/home/yan/.m2/repository/org/junit/jupiter/junit-jupiter/5.11.4/junit-jupiter-5.11.4.jar:/home/yan/.m2/repository/org/junit/jupiter/junit-jupiter-api/5.11.4/junit-jupiter-api-5.11.4.jar:/home/yan/.m2/repository/org/opentest4j/opentest4j/1.3.0/opentest4j-1.3.0.jar:/home/yan/.m2/repository/org/junit/platform/junit-platform-commons/1.11.4/junit-platform-commons-1.11.4.jar:/home/yan/.m2/repository/org/apiguardian/apiguardian-api/1.1.2/apiguardian-api-1.1.2.jar:/home/yan/.m2/repository/org/junit/jupiter/junit-jupiter-params/5.11.4/junit-jupiter-params-5.11.4.jar:/home/yan/.m2/repository/org/junit/jupiter/junit-jupiter-engine/5.11.4/junit-jupiter-engine-5.11.4.jar:/home/yan/.m2/repository/org/junit/platform/junit-platform-engine/1.11.4/junit-platform-engine-1.11.4.jar:/home/yan/.m2/repository/org/mockito/mockito-core/5.14.2/mockito-core-5.14.2.jar:/home/yan/.m2/repository/net/bytebuddy/byte-buddy-agent/1.15.11/byte-buddy-agent-1.15.11.jar:/home/yan/.m2/repository/org/objenesis/objenesis/3.3/objenesis-3.3.jar:/home/yan/.m2/repository/org/mockito/mockito-junit-jupiter/5.14.2/mockito-junit-jupiter-5.14.2.jar:/home/yan/.m2/repository/org/skyscreamer/jsonassert/1.5.3/jsonassert-1.5.3.jar:/home/yan/.m2/repository/com/vaadin/external/google/android-json/0.0.20131108.vaadin1/android-json-0.0.20131108.vaadin1.jar:/home/yan/.m2/repository/org/springframework/spring-core/6.2.1/spring-core-6.2.1.jar:/home/yan/.m2/repository/org/springframework/spring-jcl/6.2.1/spring-jcl-6.2.1.jar:/home/yan/.m2/repository/org/springframework/spring-test/6.2.1/spring-test-6.2.1.jar:/home/yan/.m2/repository/org/xmlunit/xmlunit-core/2.10.0/xmlunit-core-2.10.0.jar:/home/yan/.m2/repository/org/springdoc/springdoc-openapi-ui/1.7.0/springdoc-openapi-ui-1.7.0.jar:/home/yan/.m2/repository/org/springdoc/springdoc-openapi-webmvc-core/1.7.0/springdoc-openapi-webmvc-core-1.7.0.jar:/home/yan/.m2/repository/org/springdoc/springdoc-openapi-common/1.7.0/springdoc-openapi-common-1.7.0.jar:/home/yan/.m2/repository/io/swagger/core/v3/swagger-core/2.2.9/swagger-core-2.2.9.jar:/home/yan/.m2/repository/org/apache/commons/commons-lang3/3.17.0/commons-lang3-3.17.0.jar:/home/yan/.m2/repository/com/fasterxml/jackson/dataformat/jackson-dataformat-yaml/2.18.2/jackson-dataformat-yaml-2.18.2.jar:/home/yan/.m2/repository/io/swagger/core/v3/swagger-annotations/2.2.9/swagger-annotations-2.2.9.jar:/home/yan/.m2/repository/io/swagger/core/v3/swagger-models/2.2.9/swagger-models-2.2.9.jar:/home/yan/.m2/repository/jakarta/validation/jakarta.validation-api/3.0.2/jakarta.validation-api-3.0.2.jar:/home/yan/.m2/repository/org/webjars/swagger-ui/4.18.2/swagger-ui-4.18.2.jar:"/>
    <property name="java.vm.vendor" value="Ubuntu"/>
    <property name="sun.arch.data.model" value="64"/>
    <property name="java.vendor.url" value="https://ubuntu.com/"/>
    <property name="user.timezone" value="America/Sao_Paulo"/>
    <property name="os.name" value="Linux"/>
    <property name="java.vm.specification.version" value="21"/>
    <property name="APPLICATION_NAME" value="ayfood"/>
    <property name="sun.java.launcher" value="SUN_STANDARD"/>
    <property name="user.country" value="BR"/>
    <property name="sun.boot.library.path" value="/usr/lib/jvm/java-21-openjdk-amd64/lib"/>
    <property name="sun.java.command" value="/home/yan/Documentos/FIAP/ayfood/target/surefire/surefirebooter-20250111152748701_3.jar /home/yan/Documentos/FIAP/ayfood/target/surefire 2025-01-11T15-27-48_428-jvmRun1 surefire-20250111152748701_1tmp surefire_0-20250111152748701_2tmp"/>
    <property name="jdk.debug" value="release"/>
    <property name="surefire.test.class.path" value="/home/yan/Documentos/FIAP/ayfood/target/test-classes:/home/yan/Documentos/FIAP/ayfood/target/classes:/home/yan/.m2/repository/org/springframework/boot/spring-boot-starter-actuator/3.4.1/spring-boot-starter-actuator-3.4.1.jar:/home/yan/.m2/repository/org/springframework/boot/spring-boot-starter/3.4.1/spring-boot-starter-3.4.1.jar:/home/yan/.m2/repository/org/springframework/boot/spring-boot-starter-logging/3.4.1/spring-boot-starter-logging-3.4.1.jar:/home/yan/.m2/repository/ch/qos/logback/logback-classic/1.5.12/logback-classic-1.5.12.jar:/home/yan/.m2/repository/ch/qos/logback/logback-core/1.5.12/logback-core-1.5.12.jar:/home/yan/.m2/repository/org/apache/logging/log4j/log4j-to-slf4j/2.24.3/log4j-to-slf4j-2.24.3.jar:/home/yan/.m2/repository/org/apache/logging/log4j/log4j-api/2.24.3/log4j-api-2.24.3.jar:/home/yan/.m2/repository/org/slf4j/jul-to-slf4j/2.0.16/jul-to-slf4j-2.0.16.jar:/home/yan/.m2/repository/jakarta/annotation/jakarta.annotation-api/2.1.1/jakarta.annotation-api-2.1.1.jar:/home/yan/.m2/repository/org/yaml/snakeyaml/2.3/snakeyaml-2.3.jar:/home/yan/.m2/repository/org/springframework/boot/spring-boot-actuator-autoconfigure/3.4.1/spring-boot-actuator-autoconfigure-3.4.1.jar:/home/yan/.m2/repository/org/springframework/boot/spring-boot-actuator/3.4.1/spring-boot-actuator-3.4.1.jar:/home/yan/.m2/repository/com/fasterxml/jackson/datatype/jackson-datatype-jsr310/2.18.2/jackson-datatype-jsr310-2.18.2.jar:/home/yan/.m2/repository/io/micrometer/micrometer-observation/1.14.2/micrometer-observation-1.14.2.jar:/home/yan/.m2/repository/io/micrometer/micrometer-commons/1.14.2/micrometer-commons-1.14.2.jar:/home/yan/.m2/repository/io/micrometer/micrometer-jakarta9/1.14.2/micrometer-jakarta9-1.14.2.jar:/home/yan/.m2/repository/io/micrometer/micrometer-core/1.14.2/micrometer-core-1.14.2.jar:/home/yan/.m2/repository/org/hdrhistogram/HdrHistogram/2.2.2/HdrHistogram-2.2.2.jar:/home/yan/.m2/repository/org/latencyutils/LatencyUtils/2.0.3/LatencyUtils-2.0.3.jar:/home/yan/.m2/repository/org/springframework/boot/spring-boot-starter-web/3.4.1/spring-boot-starter-web-3.4.1.jar:/home/yan/.m2/repository/org/springframework/boot/spring-boot-starter-json/3.4.1/spring-boot-starter-json-3.4.1.jar:/home/yan/.m2/repository/com/fasterxml/jackson/datatype/jackson-datatype-jdk8/2.18.2/jackson-datatype-jdk8-2.18.2.jar:/home/yan/.m2/repository/org/springframework/boot/spring-boot-starter-tomcat/3.4.1/spring-boot-starter-tomcat-3.4.1.jar:/home/yan/.m2/repository/org/apache/tomcat/embed/tomcat-embed-core/10.1.34/tomcat-embed-core-10.1.34.jar:/home/yan/.m2/repository/org/apache/tomcat/embed/tomcat-embed-el/10.1.34/tomcat-embed-el-10.1.34.jar:/home/yan/.m2/repository/org/apache/tomcat/embed/tomcat-embed-websocket/10.1.34/tomcat-embed-websocket-10.1.34.jar:/home/yan/.m2/repository/org/springframework/spring-web/6.2.1/spring-web-6.2.1.jar:/home/yan/.m2/repository/org/springframework/spring-beans/6.2.1/spring-beans-6.2.1.jar:/home/yan/.m2/repository/org/springframework/spring-webmvc/6.2.1/spring-webmvc-6.2.1.jar:/home/yan/.m2/repository/org/springframework/spring-aop/6.2.1/spring-aop-6.2.1.jar:/home/yan/.m2/repository/org/springframework/spring-context/6.2.1/spring-context-6.2.1.jar:/home/yan/.m2/repository/org/springframework/spring-expression/6.2.1/spring-expression-6.2.1.jar:/home/yan/.m2/repository/org/springframework/boot/spring-boot-devtools/3.4.1/spring-boot-devtools-3.4.1.jar:/home/yan/.m2/repository/org/springframework/boot/spring-boot/3.4.1/spring-boot-3.4.1.jar:/home/yan/.m2/repository/org/springframework/boot/spring-boot-autoconfigure/3.4.1/spring-boot-autoconfigure-3.4.1.jar:/home/yan/.m2/repository/org/springframework/boot/spring-boot-docker-compose/3.4.1/spring-boot-docker-compose-3.4.1.jar:/home/yan/.m2/repository/com/fasterxml/jackson/core/jackson-databind/2.18.2/jackson-databind-2.18.2.jar:/home/yan/.m2/repository/com/fasterxml/jackson/core/jackson-annotations/2.18.2/jackson-annotations-2.18.2.jar:/home/yan/.m2/repository/com/fasterxml/jackson/core/jackson-core/2.18.2/jackson-core-2.18.2.jar:/home/yan/.m2/repository/com/fasterxml/jackson/module/jackson-module-parameter-names/2.18.2/jackson-module-parameter-names-2.18.2.jar:/home/yan/.m2/repository/org/projectlombok/lombok/1.18.36/lombok-1.18.36.jar:/home/yan/.m2/repository/org/springframework/boot/spring-boot-starter-test/3.4.1/spring-boot-starter-test-3.4.1.jar:/home/yan/.m2/repository/org/springframework/boot/spring-boot-test/3.4.1/spring-boot-test-3.4.1.jar:/home/yan/.m2/repository/org/springframework/boot/spring-boot-test-autoconfigure/3.4.1/spring-boot-test-autoconfigure-3.4.1.jar:/home/yan/.m2/repository/com/jayway/jsonpath/json-path/2.9.0/json-path-2.9.0.jar:/home/yan/.m2/repository/org/slf4j/slf4j-api/2.0.16/slf4j-api-2.0.16.jar:/home/yan/.m2/repository/jakarta/xml/bind/jakarta.xml.bind-api/4.0.2/jakarta.xml.bind-api-4.0.2.jar:/home/yan/.m2/repository/jakarta/activation/jakarta.activation-api/2.1.3/jakarta.activation-api-2.1.3.jar:/home/yan/.m2/repository/net/minidev/json-smart/2.5.1/json-smart-2.5.1.jar:/home/yan/.m2/repository/net/minidev/accessors-smart/2.5.1/accessors-smart-2.5.1.jar:/home/yan/.m2/repository/org/ow2/asm/asm/9.6/asm-9.6.jar:/home/yan/.m2/repository/org/assertj/assertj-core/3.26.3/assertj-core-3.26.3.jar:/home/yan/.m2/repository/net/bytebuddy/byte-buddy/1.15.11/byte-buddy-1.15.11.jar:/home/yan/.m2/repository/org/awaitility/awaitility/4.2.2/awaitility-4.2.2.jar:/home/yan/.m2/repository/org/hamcrest/hamcrest/2.2/hamcrest-2.2.jar:/home/yan/.m2/repository/org/junit/jupiter/junit-jupiter/5.11.4/junit-jupiter-5.11.4.jar:/home/yan/.m2/repository/org/junit/jupiter/junit-jupiter-api/5.11.4/junit-jupiter-api-5.11.4.jar:/home/yan/.m2/repository/org/opentest4j/opentest4j/1.3.0/opentest4j-1.3.0.jar:/home/yan/.m2/repository/org/junit/platform/junit-platform-commons/1.11.4/junit-platform-commons-1.11.4.jar:/home/yan/.m2/repository/org/apiguardian/apiguardian-api/1.1.2/apiguardian-api-1.1.2.jar:/home/yan/.m2/repository/org/junit/jupiter/junit-jupiter-params/5.11.4/junit-jupiter-params-5.11.4.jar:/home/yan/.m2/repository/org/junit/jupiter/junit-jupiter-engine/5.11.4/junit-jupiter-engine-5.11.4.jar:/home/yan/.m2/repository/org/junit/platform/junit-platform-engine/1.11.4/junit-platform-engine-1.11.4.jar:/home/yan/.m2/repository/org/mockito/mockito-core/5.14.2/mockito-core-5.14.2.jar:/home/yan/.m2/repository/net/bytebuddy/byte-buddy-agent/1.15.11/byte-buddy-agent-1.15.11.jar:/home/yan/.m2/repository/org/objenesis/objenesis/3.3/objenesis-3.3.jar:/home/yan/.m2/repository/org/mockito/mockito-junit-jupiter/5.14.2/mockito-junit-jupiter-5.14.2.jar:/home/yan/.m2/repository/org/skyscreamer/jsonassert/1.5.3/jsonassert-1.5.3.jar:/home/yan/.m2/repository/com/vaadin/external/google/android-json/0.0.20131108.vaadin1/android-json-0.0.20131108.vaadin1.jar:/home/yan/.m2/repository/org/springframework/spring-core/6.2.1/spring-core-6.2.1.jar:/home/yan/.m2/repository/org/springframework/spring-jcl/6.2.1/spring-jcl-6.2.1.jar:/home/yan/.m2/repository/org/springframework/spring-test/6.2.1/spring-test-6.2.1.jar:/home/yan/.m2/repository/org/xmlunit/xmlunit-core/2.10.0/xmlunit-core-2.10.0.jar:/home/yan/.m2/repository/org/springdoc/springdoc-openapi-ui/1.7.0/springdoc-openapi-ui-1.7.0.jar:/home/yan/.m2/repository/org/springdoc/springdoc-openapi-webmvc-core/1.7.0/springdoc-openapi-webmvc-core-1.7.0.jar:/home/yan/.m2/repository/org/springdoc/springdoc-openapi-common/1.7.0/springdoc-openapi-common-1.7.0.jar:/home/yan/.m2/repository/io/swagger/core/v3/swagger-core/2.2.9/swagger-core-2.2.9.jar:/home/yan/.m2/repository/org/apache/commons/commons-lang3/3.17.0/commons-lang3-3.17.0.jar:/home/yan/.m2/repository/com/fasterxml/jackson/dataformat/jackson-dataformat-yaml/2.18.2/jackson-dataformat-yaml-2.18.2.jar:/home/yan/.m2/repository/io/swagger/core/v3/swagger-annotations/2.2.9/swagger-annotations-2.2.9.jar:/home/yan/.m2/repository/io/swagger/core/v3/swagger-models/2.2.9/swagger-models-2.2.9.jar:/home/yan/.m2/repository/jakarta/validation/jakarta.validation-api/3.0.2/jakarta.validation-api-3.0.2.jar:/home/yan/.m2/repository/org/webjars/swagger-ui/4.18.2/swagger-ui-4.18.2.jar:"/>
    <property name="sun.cpu.endian" value="little"/>
    <property name="user.home" value="/home/yan"/>
    <property name="user.language" value="pt"/>
    <property name="java.specification.vendor" value="Oracle Corporation"/>
    <property name="java.version.date" value="2024-10-15"/>
    <property name="java.home" value="/usr/lib/jvm/java-21-openjdk-amd64"/>
    <property name="file.separator" value="/"/>
    <property name="basedir" value="/home/yan/Documentos/FIAP/ayfood"/>
    <property name="java.vm.compressedOopsMode" value="Zero based"/>
    <property name="line.separator" value="&#10;"/>
    <property name="java.vm.specification.vendor" value="Oracle Corporation"/>
    <property name="java.specification.name" value="Java Platform API Specification"/>
    <property name="FILE_LOG_CHARSET" value="UTF-8"/>
    <property name="java.awt.headless" value="true"/>
    <property name="surefire.real.class.path" value="/home/yan/Documentos/FIAP/ayfood/target/surefire/surefirebooter-20250111152748701_3.jar"/>
    <property name="sun.management.compiler" value="HotSpot 64-Bit Tiered Compilers"/>
    <property name="java.runtime.version" value="21.0.5+11-Ubuntu-1ubuntu122.04"/>
    <property name="user.name" value="yan"/>
    <property name="stdout.encoding" value="UTF-8"/>
    <property name="path.separator" value=":"/>
    <property name="os.version" value="6.8.0-51-generic"/>
    <property name="java.runtime.name" value="OpenJDK Runtime Environment"/>
    <property name="file.encoding" value="UTF-8"/>
    <property name="java.vm.name" value="OpenJDK 64-Bit Server VM"/>
    <property name="localRepository" value="/home/yan/.m2/repository"/>
    <property name="java.vendor.url.bug" value="https://bugs.launchpad.net/ubuntu/+source/openjdk-21"/>
    <property name="java.io.tmpdir" value="/tmp"/>
    <property name="java.version" value="21.0.5"/>
    <property name="user.dir" value="/home/yan/Documentos/FIAP/ayfood"/>
    <property name="os.arch" value="amd64"/>
    <property name="java.vm.specification.name" value="Java Virtual Machine Specification"/>
    <property name="PID" value="30404"/>
    <property name="CONSOLE_LOG_CHARSET" value="UTF-8"/>
    <property name="native.encoding" value="UTF-8"/>
    <property name="java.library.path" value="/usr/java/packages/lib:/usr/lib/x86_64-linux-gnu/jni:/lib/x86_64-linux-gnu:/usr/lib/x86_64-linux-gnu:/usr/lib/jni:/lib:/usr/lib"/>
    <property name="java.vm.info" value="mixed mode, sharing"/>
    <property name="stderr.encoding" value="UTF-8"/>
    <property name="java.vendor" value="Ubuntu"/>
    <property name="java.vm.version" value="21.0.5+11-Ubuntu-1ubuntu122.04"/>
    <property name="sun.io.unicode.encoding" value="UnicodeLittle"/>
    <property name="java.class.version" value="65.0"/>
    <property name="LOGGED_APPLICATION_NAME" value="[ayfood] "/>
  </properties>
  <testcase name="contextLoads" classname="com.ayfood.ayfood.AyfoodApplicationTests" time="0.476">
    <system-out><![CDATA[15:27:49.129 [main] INFO org.springframework.test.context.support.AnnotationConfigContextLoaderUtils -- Could not detect default configuration classes for test class [com.ayfood.ayfood.AyfoodApplicationTests]: AyfoodApplicationTests does not declare any static, non-private, non-final, nested classes annotated with @Configuration.
15:27:49.190 [main] INFO org.springframework.boot.test.context.SpringBootTestContextBootstrapper -- Found @SpringBootConfiguration com.ayfood.ayfood.AyfoodApplication for test class com.ayfood.ayfood.AyfoodApplicationTests
15:27:49.293 [main] INFO org.springframework.boot.devtools.restart.RestartApplicationListener -- Restart disabled due to context in which it is running

  .   ____          _            __ _ _
 /\\ / ___'_ __ _ _(_)_ __  __ _ \ \ \ \
( ( )\___ | '_ | '_| | '_ \/ _` | \ \ \ \
 \\/  ___)| |_)| | | | | || (_| |  ) ) ) )
  '  |____| .__|_| |_|_| |_\__, | / / / /
 =========|_|==============|___/=/_/_/_/

 :: Spring Boot ::                (v3.4.1)

2025-01-11T15:27:49.456-03:00  INFO 30404 --- [ayfood] [           main] c.ayfood.ayfood.AyfoodApplicationTests   : Starting AyfoodApplicationTests using Java 21.0.5 with PID 30404 (started by yan in /home/yan/Documentos/FIAP/ayfood)
2025-01-11T15:27:49.457-03:00  INFO 30404 --- [ayfood] [           main] c.ayfood.ayfood.AyfoodApplicationTests   : No active profile set, falling back to 1 default profile: "default"
2025-01-11T15:27:50.124-03:00  INFO 30404 --- [ayfood] [           main] o.s.v.b.OptionalValidatorFactoryBean     : Failed to set up a Bean Validation provider: jakarta.validation.NoProviderFoundException: Unable to create a Configuration, because no Jakarta Bean Validation provider could be found. Add a provider like Hibernate Validator (RI) to your classpath.
2025-01-11T15:27:50.398-03:00  INFO 30404 --- [ayfood] [           main] o.s.b.a.e.web.EndpointLinksResolver      : Exposing 1 endpoint beneath base path '/actuator'
2025-01-11T15:27:50.434-03:00  INFO 30404 --- [ayfood] [           main] c.ayfood.ayfood.AyfoodApplicationTests   : Started AyfoodApplicationTests in 1.148 seconds (process running for 1.704)
]]></system-out>
    <system-err><![CDATA[Mockito is currently self-attaching to enable the inline-mock-maker. This will no longer work in future releases of the JDK. Please add Mockito as an agent to your build what is described in Mockito's documentation: https://javadoc.io/doc/org.mockito/mockito-core/latest/org/mockito/Mockito.html#0.3
WARNING: A Java agent has been loaded dynamically (/home/yan/.m2/repository/net/bytebuddy/byte-buddy-agent/1.15.11/byte-buddy-agent-1.15.11.jar)
WARNING: If a serviceability tool is in use, please run with -XX:+EnableDynamicAgentLoading to hide this warning
WARNING: If a serviceability tool is not in use, please run with -Djdk.instrument.traceUsage for more information
WARNING: Dynamic loading of agents will be disallowed by default in a future release
]]></system-err>
  </testcase>
</testsuite>